5.3.0 26-08-2014 21:00:19 Starting new session. Mods: examplemod 
5.3.0 26-08-2014 21:00:24 ERROR: null: Tried to create good from block with no item: saddle;73;0;Selle
5.3.0 26-08-2014 21:00:24 InvItem(Block block,int meta): net.minecraft.block.BlockAir@523f31f2
5.3.0 26-08-2014 21:00:24 org.millenaire.common.MLN$MillenaireException: Attempted to create an InvItem for air blocks.
	at org.millenaire.common.MillVillager$InvItem.checkValidity(MillVillager.java:130)
	at org.millenaire.common.MillVillager$InvItem.<init>(MillVillager.java:122)
	at org.millenaire.common.item.Goods.loadGoodList(Goods.java:949)
	at org.millenaire.common.item.Goods.loadGoods(Goods.java:971)
	at org.millenaire.common.forge.Mill.load(Mill.java:715)
	at sun.reflect.NativeMethodAccessorImpl.invoke0(Native Method)
	at sun.reflect.NativeMethodAccessorImpl.invoke(Unknown Source)
	at sun.reflect.DelegatingMethodAccessorImpl.invoke(Unknown Source)
	at java.lang.reflect.Method.invoke(Unknown Source)
	at cpw.mods.fml.common.FMLModContainer.handleModStateEvent(FMLModContainer.java:513)
	at sun.reflect.GeneratedMethodAccessor5.invoke(Unknown Source)
	at sun.reflect.DelegatingMethodAccessorImpl.invoke(Unknown Source)
	at java.lang.reflect.Method.invoke(Unknown Source)
	at com.google.common.eventbus.EventSubscriber.handleEvent(EventSubscriber.java:74)
	at com.google.common.eventbus.SynchronizedEventSubscriber.handleEvent(SynchronizedEventSubscriber.java:47)
	at com.google.common.eventbus.EventBus.dispatch(EventBus.java:322)
	at com.google.common.eventbus.EventBus.dispatchQueuedEvents(EventBus.java:304)
	at com.google.common.eventbus.EventBus.post(EventBus.java:275)
	at cpw.mods.fml.common.LoadController.sendEventToModContainer(LoadController.java:208)
	at cpw.mods.fml.common.LoadController.propogateStateMessage(LoadController.java:187)
	at sun.reflect.NativeMethodAccessorImpl.invoke0(Native Method)
	at sun.reflect.NativeMethodAccessorImpl.invoke(Unknown Source)
	at sun.reflect.DelegatingMethodAccessorImpl.invoke(Unknown Source)
	at java.lang.reflect.Method.invoke(Unknown Source)
	at com.google.common.eventbus.EventSubscriber.handleEvent(EventSubscriber.java:74)
	at com.google.common.eventbus.SynchronizedEventSubscriber.handleEvent(SynchronizedEventSubscriber.java:47)
	at com.google.common.eventbus.EventBus.dispatch(EventBus.java:322)
	at com.google.common.eventbus.EventBus.dispatchQueuedEvents(EventBus.java:304)
	at com.google.common.eventbus.EventBus.post(EventBus.java:275)
	at cpw.mods.fml.common.LoadController.distributeStateMessage(LoadController.java:118)
	at cpw.mods.fml.common.Loader.initializeMods(Loader.java:691)
	at cpw.mods.fml.client.FMLClientHandler.finishMinecraftLoading(FMLClientHandler.java:288)
	at net.minecraft.client.Minecraft.func_71384_a(Minecraft.java:541)
	at net.minecraft.client.Minecraft.func_99999_d(Minecraft.java:867)
	at net.minecraft.client.main.Main.main(SourceFile:148)
	at sun.reflect.NativeMethodAccessorImpl.invoke0(Native Method)
	at sun.reflect.NativeMethodAccessorImpl.invoke(Unknown Source)
	at sun.reflect.DelegatingMethodAccessorImpl.invoke(Unknown Source)
	at java.lang.reflect.Method.invoke(Unknown Source)
	at net.minecraft.launchwrapper.Launch.launch(Launch.java:134)
	at net.minecraft.launchwrapper.Launch.main(Launch.java:28)

5.3.0 26-08-2014 21:00:24 Exception, printing stack:
5.3.0 26-08-2014 21:00:24 org.millenaire.common.MLN$MillenaireException: Trying to get the name of an invalid InvItem.
	at org.millenaire.common.MillVillager$InvItem.getName(MillVillager.java:276)
	at org.millenaire.common.item.Goods.generateGoodsList(Goods.java:914)
	at org.millenaire.common.item.Goods.loadGoods(Goods.java:975)
	at org.millenaire.common.forge.Mill.load(Mill.java:715)
	at sun.reflect.NativeMethodAccessorImpl.invoke0(Native Method)
	at sun.reflect.NativeMethodAccessorImpl.invoke(Unknown Source)
	at sun.reflect.DelegatingMethodAccessorImpl.invoke(Unknown Source)
	at java.lang.reflect.Method.invoke(Unknown Source)
	at cpw.mods.fml.common.FMLModContainer.handleModStateEvent(FMLModContainer.java:513)
	at sun.reflect.GeneratedMethodAccessor5.invoke(Unknown Source)
	at sun.reflect.DelegatingMethodAccessorImpl.invoke(Unknown Source)
	at java.lang.reflect.Method.invoke(Unknown Source)
	at com.google.common.eventbus.EventSubscriber.handleEvent(EventSubscriber.java:74)
	at com.google.common.eventbus.SynchronizedEventSubscriber.handleEvent(SynchronizedEventSubscriber.java:47)
	at com.google.common.eventbus.EventBus.dispatch(EventBus.java:322)
	at com.google.common.eventbus.EventBus.dispatchQueuedEvents(EventBus.java:304)
	at com.google.common.eventbus.EventBus.post(EventBus.java:275)
	at cpw.mods.fml.common.LoadController.sendEventToModContainer(LoadController.java:208)
	at cpw.mods.fml.common.LoadController.propogateStateMessage(LoadController.java:187)
	at sun.reflect.NativeMethodAccessorImpl.invoke0(Native Method)
	at sun.reflect.NativeMethodAccessorImpl.invoke(Unknown Source)
	at sun.reflect.DelegatingMethodAccessorImpl.invoke(Unknown Source)
	at java.lang.reflect.Method.invoke(Unknown Source)
	at com.google.common.eventbus.EventSubscriber.handleEvent(EventSubscriber.java:74)
	at com.google.common.eventbus.SynchronizedEventSubscriber.handleEvent(SynchronizedEventSubscriber.java:47)
	at com.google.common.eventbus.EventBus.dispatch(EventBus.java:322)
	at com.google.common.eventbus.EventBus.dispatchQueuedEvents(EventBus.java:304)
	at com.google.common.eventbus.EventBus.post(EventBus.java:275)
	at cpw.mods.fml.common.LoadController.distributeStateMessage(LoadController.java:118)
	at cpw.mods.fml.common.Loader.initializeMods(Loader.java:691)
	at cpw.mods.fml.client.FMLClientHandler.finishMinecraftLoading(FMLClientHandler.java:288)
	at net.minecraft.client.Minecraft.func_71384_a(Minecraft.java:541)
	at net.minecraft.client.Minecraft.func_99999_d(Minecraft.java:867)
	at net.minecraft.client.main.Main.main(SourceFile:148)
	at sun.reflect.NativeMethodAccessorImpl.invoke0(Native Method)
	at sun.reflect.NativeMethodAccessorImpl.invoke(Unknown Source)
	at sun.reflect.DelegatingMethodAccessorImpl.invoke(Unknown Source)
	at java.lang.reflect.Method.invoke(Unknown Source)
	at net.minecraft.launchwrapper.Launch.launch(Launch.java:134)
	at net.minecraft.launchwrapper.Launch.main(Launch.java:28)

5.3.0 26-08-2014 21:00:28 MAJOR: null: Loading language: zh_CN
5.3.0 26-08-2014 21:00:28 MAJOR: null: Language loaded: zh_CN. Wand name: ’ŸªΩ»®’» Wand invitem name: item.ml_villageWand.name
5.3.0 26-08-2014 21:00:28 MAJOR: null: Block without item: net.minecraft.block.BlockAir@523f31f2
5.3.0 26-08-2014 21:00:28 MAJOR: null: Block without item: net.minecraft.block.BlockBed@4606b3cd
5.3.0 26-08-2014 21:00:28 MAJOR: null: Block without item: net.minecraft.block.BlockPistonExtension@10e7a27e
5.3.0 26-08-2014 21:00:28 MAJOR: null: Block without item: net.minecraft.block.BlockPistonMoving@7c9c4458
5.3.0 26-08-2014 21:00:28 MAJOR: null: Block without item: net.minecraft.block.BlockRedstoneWire@59f7817e
5.3.0 26-08-2014 21:00:28 MAJOR: null: Block without item: net.minecraft.block.BlockCrops@1f3f425b
5.3.0 26-08-2014 21:00:28 MAJOR: null: Block without item: net.minecraft.block.BlockSign@3080a4d8
5.3.0 26-08-2014 21:00:28 MAJOR: null: Block without item: net.minecraft.block.BlockDoor@54abd879
5.3.0 26-08-2014 21:00:28 MAJOR: null: Block without item: net.minecraft.block.BlockSign@7bddff07
5.3.0 26-08-2014 21:00:28 MAJOR: null: Block without item: net.minecraft.block.BlockDoor@8511ee1
5.3.0 26-08-2014 21:00:28 MAJOR: null: Block without item: net.minecraft.block.BlockRedstoneOre@19930f2a
5.3.0 26-08-2014 21:00:28 MAJOR: null: Block without item: net.minecraft.block.BlockRedstoneTorch@2f028748
5.3.0 26-08-2014 21:00:28 MAJOR: null: Block without item: net.minecraft.block.BlockReed@3cb4a21
5.3.0 26-08-2014 21:00:28 MAJOR: null: Block without item: net.minecraft.block.BlockCake@41577f32
5.3.0 26-08-2014 21:00:28 MAJOR: null: Block without item: net.minecraft.block.BlockRedstoneRepeater@421cd9ea
5.3.0 26-08-2014 21:00:28 MAJOR: null: Block without item: net.minecraft.block.BlockRedstoneRepeater@7426b38e
5.3.0 26-08-2014 21:00:28 MAJOR: null: Block without item: net.minecraft.block.BlockStem@7b4da77
5.3.0 26-08-2014 21:00:28 MAJOR: null: Block without item: net.minecraft.block.BlockStem@7272be94
5.3.0 26-08-2014 21:00:28 MAJOR: null: Block without item: net.minecraft.block.BlockNetherWart@34f83a29
5.3.0 26-08-2014 21:00:28 MAJOR: null: Block without item: net.minecraft.block.BlockBrewingStand@78dfa1ed
5.3.0 26-08-2014 21:00:28 MAJOR: null: Block without item: net.minecraft.block.BlockCauldron@48f7c8cb
5.3.0 26-08-2014 21:00:28 MAJOR: null: Block without item: net.minecraft.block.BlockRedstoneLight@4db03297
5.3.0 26-08-2014 21:00:28 MAJOR: null: Block without item: net.minecraft.block.BlockTripWire@65cca60
5.3.0 26-08-2014 21:00:28 MAJOR: null: Block without item: net.minecraft.block.BlockFlowerPot@229ae46a
5.3.0 26-08-2014 21:00:28 MAJOR: null: Block without item: net.minecraft.block.BlockSkull@615db116
5.3.0 26-08-2014 21:00:28 MAJOR: null: Block without item: net.minecraft.block.BlockRedstoneComparator@52faa05b
5.3.0 26-08-2014 21:00:28 MAJOR: null: Block without item: net.minecraft.block.BlockRedstoneComparator@4435e0ec
5.3.0 20-10-2014 02:34:18 Starting new session. Mods: examplemod 
5.3.0 20-10-2014 02:34:22 ERROR: null: Tried to create good from block with no item: saddle;73;0;Selle
5.3.0 20-10-2014 02:34:22 InvItem(Block block,int meta): net.minecraft.block.BlockAir@55a0eb24
5.3.0 20-10-2014 02:34:22 org.millenaire.common.MLN$MillenaireException: Attempted to create an InvItem for air blocks.
	at org.millenaire.common.MillVillager$InvItem.checkValidity(MillVillager.java:130)
	at org.millenaire.common.MillVillager$InvItem.<init>(MillVillager.java:122)
	at org.millenaire.common.item.Goods.loadGoodList(Goods.java:949)
	at org.millenaire.common.item.Goods.loadGoods(Goods.java:971)
	at org.millenaire.common.forge.Mill.load(Mill.java:715)
	at sun.reflect.NativeMethodAccessorImpl.invoke0(Native Method)
	at sun.reflect.NativeMethodAccessorImpl.invoke(NativeMethodAccessorImpl.java:57)
	at sun.reflect.DelegatingMethodAccessorImpl.invoke(DelegatingMethodAccessorImpl.java:43)
	at java.lang.reflect.Method.invoke(Method.java:606)
	at cpw.mods.fml.common.FMLModContainer.handleModStateEvent(FMLModContainer.java:513)
	at sun.reflect.GeneratedMethodAccessor6.invoke(Unknown Source)
	at sun.reflect.DelegatingMethodAccessorImpl.invoke(DelegatingMethodAccessorImpl.java:43)
	at java.lang.reflect.Method.invoke(Method.java:606)
	at com.google.common.eventbus.EventSubscriber.handleEvent(EventSubscriber.java:74)
	at com.google.common.eventbus.SynchronizedEventSubscriber.handleEvent(SynchronizedEventSubscriber.java:47)
	at com.google.common.eventbus.EventBus.dispatch(EventBus.java:322)
	at com.google.common.eventbus.EventBus.dispatchQueuedEvents(EventBus.java:304)
	at com.google.common.eventbus.EventBus.post(EventBus.java:275)
	at cpw.mods.fml.common.LoadController.sendEventToModContainer(LoadController.java:208)
	at cpw.mods.fml.common.LoadController.propogateStateMessage(LoadController.java:187)
	at sun.reflect.NativeMethodAccessorImpl.invoke0(Native Method)
	at sun.reflect.NativeMethodAccessorImpl.invoke(NativeMethodAccessorImpl.java:57)
	at sun.reflect.DelegatingMethodAccessorImpl.invoke(DelegatingMethodAccessorImpl.java:43)
	at java.lang.reflect.Method.invoke(Method.java:606)
	at com.google.common.eventbus.EventSubscriber.handleEvent(EventSubscriber.java:74)
	at com.google.common.eventbus.SynchronizedEventSubscriber.handleEvent(SynchronizedEventSubscriber.java:47)
	at com.google.common.eventbus.EventBus.dispatch(EventBus.java:322)
	at com.google.common.eventbus.EventBus.dispatchQueuedEvents(EventBus.java:304)
	at com.google.common.eventbus.EventBus.post(EventBus.java:275)
	at cpw.mods.fml.common.LoadController.distributeStateMessage(LoadController.java:118)
	at cpw.mods.fml.common.Loader.initializeMods(Loader.java:691)
	at cpw.mods.fml.client.FMLClientHandler.finishMinecraftLoading(FMLClientHandler.java:288)
	at net.minecraft.client.Minecraft.func_71384_a(Minecraft.java:541)
	at net.minecraft.client.Minecraft.func_99999_d(Minecraft.java:867)
	at net.minecraft.client.main.Main.main(SourceFile:148)
	at sun.reflect.NativeMethodAccessorImpl.invoke0(Native Method)
	at sun.reflect.NativeMethodAccessorImpl.invoke(NativeMethodAccessorImpl.java:57)
	at sun.reflect.DelegatingMethodAccessorImpl.invoke(DelegatingMethodAccessorImpl.java:43)
	at java.lang.reflect.Method.invoke(Method.java:606)
	at net.minecraft.launchwrapper.Launch.launch(Launch.java:134)
	at net.minecraft.launchwrapper.Launch.main(Launch.java:28)
	at sun.reflect.NativeMethodAccessorImpl.invoke0(Native Method)
	at sun.reflect.NativeMethodAccessorImpl.invoke(NativeMethodAccessorImpl.java:57)
	at sun.reflect.DelegatingMethodAccessorImpl.invoke(DelegatingMethodAccessorImpl.java:43)
	at java.lang.reflect.Method.invoke(Method.java:606)
	at org.jackhuang.hmcl.Launcher.main(SourceFile:84)

5.3.0 20-10-2014 02:34:22 Exception, printing stack:
5.3.0 20-10-2014 02:34:22 org.millenaire.common.MLN$MillenaireException: Trying to get the name of an invalid InvItem.
	at org.millenaire.common.MillVillager$InvItem.getName(MillVillager.java:276)
	at org.millenaire.common.item.Goods.generateGoodsList(Goods.java:914)
	at org.millenaire.common.item.Goods.loadGoods(Goods.java:975)
	at org.millenaire.common.forge.Mill.load(Mill.java:715)
	at sun.reflect.NativeMethodAccessorImpl.invoke0(Native Method)
	at sun.reflect.NativeMethodAccessorImpl.invoke(NativeMethodAccessorImpl.java:57)
	at sun.reflect.DelegatingMethodAccessorImpl.invoke(DelegatingMethodAccessorImpl.java:43)
	at java.lang.reflect.Method.invoke(Method.java:606)
	at cpw.mods.fml.common.FMLModContainer.handleModStateEvent(FMLModContainer.java:513)
	at sun.reflect.GeneratedMethodAccessor6.invoke(Unknown Source)
	at sun.reflect.DelegatingMethodAccessorImpl.invoke(DelegatingMethodAccessorImpl.java:43)
	at java.lang.reflect.Method.invoke(Method.java:606)
	at com.google.common.eventbus.EventSubscriber.handleEvent(EventSubscriber.java:74)
	at com.google.common.eventbus.SynchronizedEventSubscriber.handleEvent(SynchronizedEventSubscriber.java:47)
	at com.google.common.eventbus.EventBus.dispatch(EventBus.java:322)
	at com.google.common.eventbus.EventBus.dispatchQueuedEvents(EventBus.java:304)
	at com.google.common.eventbus.EventBus.post(EventBus.java:275)
	at cpw.mods.fml.common.LoadController.sendEventToModContainer(LoadController.java:208)
	at cpw.mods.fml.common.LoadController.propogateStateMessage(LoadController.java:187)
	at sun.reflect.NativeMethodAccessorImpl.invoke0(Native Method)
	at sun.reflect.NativeMethodAccessorImpl.invoke(NativeMethodAccessorImpl.java:57)
	at sun.reflect.DelegatingMethodAccessorImpl.invoke(DelegatingMethodAccessorImpl.java:43)
	at java.lang.reflect.Method.invoke(Method.java:606)
	at com.google.common.eventbus.EventSubscriber.handleEvent(EventSubscriber.java:74)
	at com.google.common.eventbus.SynchronizedEventSubscriber.handleEvent(SynchronizedEventSubscriber.java:47)
	at com.google.common.eventbus.EventBus.dispatch(EventBus.java:322)
	at com.google.common.eventbus.EventBus.dispatchQueuedEvents(EventBus.java:304)
	at com.google.common.eventbus.EventBus.post(EventBus.java:275)
	at cpw.mods.fml.common.LoadController.distributeStateMessage(LoadController.java:118)
	at cpw.mods.fml.common.Loader.initializeMods(Loader.java:691)
	at cpw.mods.fml.client.FMLClientHandler.finishMinecraftLoading(FMLClientHandler.java:288)
	at net.minecraft.client.Minecraft.func_71384_a(Minecraft.java:541)
	at net.minecraft.client.Minecraft.func_99999_d(Minecraft.java:867)
	at net.minecraft.client.main.Main.main(SourceFile:148)
	at sun.reflect.NativeMethodAccessorImpl.invoke0(Native Method)
	at sun.reflect.NativeMethodAccessorImpl.invoke(NativeMethodAccessorImpl.java:57)
	at sun.reflect.DelegatingMethodAccessorImpl.invoke(DelegatingMethodAccessorImpl.java:43)
	at java.lang.reflect.Method.invoke(Method.java:606)
	at net.minecraft.launchwrapper.Launch.launch(Launch.java:134)
	at net.minecraft.launchwrapper.Launch.main(Launch.java:28)
	at sun.reflect.NativeMethodAccessorImpl.invoke0(Native Method)
	at sun.reflect.NativeMethodAccessorImpl.invoke(NativeMethodAccessorImpl.java:57)
	at sun.reflect.DelegatingMethodAccessorImpl.invoke(DelegatingMethodAccessorImpl.java:43)
	at java.lang.reflect.Method.invoke(Method.java:606)
	at org.jackhuang.hmcl.Launcher.main(SourceFile:84)

5.3.0 20-10-2014 02:34:26 MAJOR: null: Loading language: zh_CN
5.3.0 20-10-2014 02:34:26 MAJOR: null: Language loaded: zh_CN. Wand name: Wand of Summoning Wand invitem name: item.ml_villageWand.name
5.3.0 20-10-2014 02:34:26 MAJOR: null: Block without item: net.minecraft.block.BlockAir@55a0eb24
5.3.0 20-10-2014 02:34:26 MAJOR: null: Block without item: net.minecraft.block.BlockBed@37d18c85
5.3.0 20-10-2014 02:34:26 MAJOR: null: Block without item: net.minecraft.block.BlockPistonExtension@6ee7baeb
5.3.0 20-10-2014 02:34:26 MAJOR: null: Block without item: net.minecraft.block.BlockPistonMoving@29749e2e
5.3.0 20-10-2014 02:34:26 MAJOR: null: Block without item: net.minecraft.block.BlockRedstoneWire@2d64581f
5.3.0 20-10-2014 02:34:26 MAJOR: null: Block without item: net.minecraft.block.BlockCrops@4448705a
5.3.0 20-10-2014 02:34:26 MAJOR: null: Block without item: net.minecraft.block.BlockSign@6b1b4cac
5.3.0 20-10-2014 02:34:26 MAJOR: null: Block without item: net.minecraft.block.BlockDoor@296758e5
5.3.0 20-10-2014 02:34:26 MAJOR: null: Block without item: net.minecraft.block.BlockSign@c52d244
5.3.0 20-10-2014 02:34:26 MAJOR: null: Block without item: net.minecraft.block.BlockDoor@5ca92583
5.3.0 20-10-2014 02:34:26 MAJOR: null: Block without item: net.minecraft.block.BlockRedstoneOre@5b411dd7
5.3.0 20-10-2014 02:34:26 MAJOR: null: Block without item: net.minecraft.block.BlockRedstoneTorch@212771de
5.3.0 20-10-2014 02:34:26 MAJOR: null: Block without item: net.minecraft.block.BlockReed@a22d6a7
5.3.0 20-10-2014 02:34:26 MAJOR: null: Block without item: net.minecraft.block.BlockCake@7145765d
5.3.0 20-10-2014 02:34:26 MAJOR: null: Block without item: net.minecraft.block.BlockRedstoneRepeater@5cbcedef
5.3.0 20-10-2014 02:34:26 MAJOR: null: Block without item: net.minecraft.block.BlockRedstoneRepeater@77a91579
5.3.0 20-10-2014 02:34:26 MAJOR: null: Block without item: net.minecraft.block.BlockStem@6fcca643
5.3.0 20-10-2014 02:34:26 MAJOR: null: Block without item: net.minecraft.block.BlockStem@64b7b20c
5.3.0 20-10-2014 02:34:26 MAJOR: null: Block without item: net.minecraft.block.BlockNetherWart@3ac9cd5d
5.3.0 20-10-2014 02:34:26 MAJOR: null: Block without item: net.minecraft.block.BlockBrewingStand@5e0b0013
5.3.0 20-10-2014 02:34:26 MAJOR: null: Block without item: net.minecraft.block.BlockCauldron@460aa49b
5.3.0 20-10-2014 02:34:26 MAJOR: null: Block without item: net.minecraft.block.BlockRedstoneLight@46837c1a
5.3.0 20-10-2014 02:34:26 MAJOR: null: Block without item: net.minecraft.block.BlockTripWire@19853ae8
5.3.0 20-10-2014 02:34:26 MAJOR: null: Block without item: net.minecraft.block.BlockFlowerPot@3ae092f4
5.3.0 20-10-2014 02:34:26 MAJOR: null: Block without item: net.minecraft.block.BlockSkull@5853d6bb
5.3.0 20-10-2014 02:34:26 MAJOR: null: Block without item: net.minecraft.block.BlockRedstoneComparator@694a1247
5.3.0 20-10-2014 02:34:26 MAJOR: null: Block without item: net.minecraft.block.BlockRedstoneComparator@7df62951
