[SMC FNE]transforming bao net.minecraft.client.Minecraft
[SMC FNE] 78685 (+59)
[SMC FNE]transforming aji net.minecraft.block.Block
[SMC INF]   blockAoLight
[SMC FNE] 69156 (+60)
[SMC FNE]transforming abh net.minecraft.item.ItemBlock
[SMC FNE] 6441 (+0)
[SMC FNE]transforming buu net.minecraft.client.renderer.OpenGlHelper
[SMC FNT]    set activeTexUnit
[SMC FNE] 15871 (+65)
[SMC FNE]transforming bpq net.minecraft.client.renderer.texture.DynamicTexture
[SMC FNE] 1328 (+234)
[SMC FNE]transforming bpp net.minecraft.client.renderer.texture.AbstractTexture
[SMC FNE] 1028 (+376)
[SMC FNE]transforming bqh net.minecraft.client.renderer.texture.ITextureObject
[SMC FNE] 297 (+63)
[SMC FNE]transforming bpz net.minecraft.client.renderer.texture.TextureMap
[SMC FNT]    loadRes
[SMC FNT]    loadRes
[SMC FNT]    allocateTextureMap
[SMC FNT]    setSprite setIconName
[SMC FNT]    uploadTexSubForLoadAtlas
[SMC FNE] 22794 (+765)
[SMC FNE]transforming bno net.minecraft.client.renderer.entity.Render
[SMC FNR]    conditionally skip default shadow
[SMC FNE] 9451 (+78)
[SMC FNE]transforming blm net.minecraft.client.renderer.RenderBlocks
[SMC FNE] 161608 (+466)
[SMC FNE]transforming bix net.minecraft.client.model.ModelRenderer
[SMC FNE] 6928 (+203)
[SMC FNE]transforming boh net.minecraft.client.renderer.entity.RendererLivingEntity
[SMC FNE] 16049 (+349)
[SMC FNE]transforming bqd net.minecraft.client.renderer.texture.TextureAtlasSprite
[SMC FNE] 13526 (+135)
[SMC FNE]transforming blt net.minecraft.client.renderer.EntityRenderer
[SMC FNR]  patch method net/minecraft/client/renderer/EntityRenderer.func_78476_b(FI)V
[SMC FNR]  patch method net/minecraft/client/renderer/EntityRenderer.func_78483_a(D)V
[SMC FNR]  patch method net/minecraft/client/renderer/EntityRenderer.func_78463_b(D)V
[SMC FNR]  patch method net/minecraft/client/renderer/EntityRenderer.func_78471_a(FJ)V
[SMC FNR]  patch method net/minecraft/client/renderer/EntityRenderer.func_82829_a(Lnet/minecraft/client/renderer/RenderGlobal;F)V
[SMC FNR]  patch method net/minecraft/client/renderer/EntityRenderer.func_78466_h(F)V
[SMC FNR]  patch method net/minecraft/client/renderer/EntityRenderer.func_78468_a(IF)V
[SMC FNR]  patch method net/minecraft/client/renderer/EntityRenderer.func_78469_a(FFFF)Ljava/nio/FloatBuffer;
[SMC FNE] 56390 (+1486)
[SMC FNE]transforming bqf net.minecraft.client.renderer.texture.TextureManager
[SMC FNE] 7923 (+202)
[SMC FNE]transforming bmh net.minecraft.client.renderer.Tessellator
[SMC FNE] 10028 (-898)
[SMC FNE]transforming bpu net.minecraft.client.renderer.texture.SimpleTexture
[SMC FNR]    loadSimpleTexture
[SMC FNE] 2642 (+301)
[SMC FNE]transforming bnn net.minecraft.client.renderer.entity.RenderManager
[SMC FNE] 17793 (+0)
[SMC FNE]transforming bov net.minecraft.client.renderer.entity.RenderSpider
[SMC FNE] 2157 (+66)
[SMC FNE]transforming bnm net.minecraft.client.renderer.entity.RenderEnderman
[SMC FNE] 4174 (+66)
[SMC FNE]transforming bnl net.minecraft.client.renderer.entity.RenderDragon
[SMC FNE] 7059 (+66)
[SMC FNE]transforming bly net.minecraft.client.renderer.ItemRenderer
[SMC FNR]  patch method net/minecraft/client/renderer/ItemRenderer.func_78443_a(Lnet/minecraft/entity/EntityLivingBase;Lnet/minecraft/item/ItemStack;I)V
[SMC FNR]  patch method net/minecraft/client/renderer/ItemRenderer.renderItem(Lnet/minecraft/entity/EntityLivingBase;Lnet/minecraft/item/ItemStack;ILnet/minecraftforge/client/IItemRenderer$ItemRenderType;)V
[SMC FNR]  patch method net/minecraft/client/renderer/ItemRenderer.func_78441_a()V
[SMC FNE] 20335 (+68)
[SMC FNE]transforming bma net.minecraft.client.renderer.RenderGlobal
[SMC FNR]  patch method net/minecraft/client/renderer/RenderGlobal.func_147589_a(Lnet/minecraft/entity/EntityLivingBase;Lnet/minecraft/client/renderer/culling/ICamera;F)V
[SMC FNT]    beginEntities
[SMC FNT]    endEntities
[SMC FNT]    beginTileEntities
[SMC FNT]    endTileEntities
[SMC FNR]  patch method net/minecraft/client/renderer/RenderGlobal.func_72719_a(Lnet/minecraft/entity/EntityLivingBase;ID)I
[SMC FNT]    disableTexture2D
[SMC FNT]    disableFog
[SMC FNT]    enableTexture2D
[SMC FNT]    enableFog
[SMC FNR]  patch method net/minecraft/client/renderer/RenderGlobal.func_72714_a(F)V
[SMC FNT]    disableFog
[SMC FNT]    *glRotatef 0
[SMC FNT]    *glRotatef 0
[SMC FNT]    *glRotatef 0
[SMC FNT]    *glRotatef 0
[SMC FNT]    *glRotatef 0
[SMC FNT]    enableTexture2D
[SMC FNT]    disableTexture2D
[SMC FNT]    enableFog
[SMC FNT]    disableFog
[SMC FNT]    disableTexture2D
[SMC FNT]    *glRotatef 2
[SMC FNT]    *glRotatef 2
[SMC FNT]    *glRotatef 2
[SMC FNT]    enableTexture2D
[SMC FNT]    *glRotatef 3
[SMC FNT]    preCelestialRotate
[SMC FNT]    *glRotatef 4
[SMC FNT]    postCelestialRotate
[SMC FNT]    disableTexture2D
[SMC FNT]    enableFog
[SMC FNT]    disableTexture2D
[SMC FNT]    enableTexture2D
[SMC FNR]  patch method net/minecraft/client/renderer/RenderGlobal.func_72717_a(Lnet/minecraft/client/renderer/Tessellator;Lnet/minecraft/entity/player/EntityPlayer;F)V
[SMC FNR]  patch method net/minecraft/client/renderer/RenderGlobal.drawBlockDamageTexture(Lnet/minecraft/client/renderer/Tessellator;Lnet/minecraft/entity/EntityLivingBase;F)V
[SMC FNT]    beginBlockDestroyProgress
[SMC FNT]    endBlockDestroyProgress
[SMC FNR]  patch method net/minecraft/client/renderer/RenderGlobal.func_72731_b(Lnet/minecraft/entity/player/EntityPlayer;Lnet/minecraft/util/MovingObjectPosition;IF)V
[SMC FNT]    disableTexture2D
[SMC FNT]    enableTexture2D
[SMC FNE] 72460 (+570)
[SMC FNE]transforming bqm net.minecraft.client.renderer.texture.TextureCompass
[SMC FNE] 2550 (+63)
[SMC FNE]transforming bql net.minecraft.client.renderer.texture.TextureClock
[SMC FNE] 1885 (+63)
[SMC FNE]transforming net.smart.render.ModelRotationRenderer net.smart.render.ModelRotationRenderer
[SMC FNE] 9114 (+70)
[SMC FNE]transforming bdm net.minecraft.client.gui.GuiOptions
[SMC FNT]    decrease language button size
[SMC FNT]    add shaders button
[SMC FNT]    shaders button action
[SMC FNE] 6481 (+158)
