[13:53:06] [main/INFO]: Setting user: Player12
[13:53:07] [Client thread/INFO]: LWJGL Version: 2.9.1
[13:53:08] [Client thread/ERROR]: Couldn't initialize twitch stream
[13:53:10] [Client thread/INFO]: Reloading ResourceManager: Default, FMLFileResourcePack:Forge Mod Loader, FMLFileResourcePack:Minecraft Forge, FMLFileResourcePack:Exocist
[13:53:12] [Sound Library Loader/INFO]: Sound engine started
[13:53:12] [Client thread/INFO]: Created: 512x256 textures/blocks-atlas
[13:53:12] [Client thread/INFO]: Created: 256x256 textures/items-atlas
[13:53:12] [Client thread/INFO]: Reloading ResourceManager: Default, FMLFileResourcePack:Forge Mod Loader, FMLFileResourcePack:Minecraft Forge, FMLFileResourcePack:Exocist
[13:53:12] [Client thread/ERROR]: Using missing texture, unable to load exorcist:textures/items/staff_3.png
java.io.FileNotFoundException: exorcist:textures/items/staff_3.png
	at net.minecraft.client.resources.FallbackResourceManager.getResource(FallbackResourceManager.java:65) ~[FallbackResourceManager.class:?]
	at net.minecraft.client.resources.SimpleReloadableResourceManager.getResource(SimpleReloadableResourceManager.java:67) ~[SimpleReloadableResourceManager.class:?]
	at net.minecraft.client.renderer.texture.TextureMap.loadTextureAtlas(TextureMap.java:126) [TextureMap.class:?]
	at net.minecraft.client.renderer.texture.TextureMap.loadTexture(TextureMap.java:91) [TextureMap.class:?]
	at net.minecraft.client.renderer.texture.TextureManager.loadTexture(TextureManager.java:89) [TextureManager.class:?]
	at net.minecraft.client.renderer.texture.TextureManager.onResourceManagerReload(TextureManager.java:170) [TextureManager.class:?]
	at net.minecraft.client.resources.SimpleReloadableResourceManager.notifyReloadListeners(SimpleReloadableResourceManager.java:134) [SimpleReloadableResourceManager.class:?]
	at net.minecraft.client.resources.SimpleReloadableResourceManager.reloadResources(SimpleReloadableResourceManager.java:118) [SimpleReloadableResourceManager.class:?]
	at net.minecraft.client.Minecraft.refreshResources(Minecraft.java:643) [Minecraft.class:?]
	at cpw.mods.fml.client.FMLClientHandler.finishMinecraftLoading(FMLClientHandler.java:303) [FMLClientHandler.class:?]
	at net.minecraft.client.Minecraft.startGame(Minecraft.java:586) [Minecraft.class:?]
	at net.minecraft.client.Minecraft.run(Minecraft.java:931) [Minecraft.class:?]
	at net.minecraft.client.main.Main.main(Main.java:164) [Main.class:?]
	at sun.reflect.NativeMethodAccessorImpl.invoke0(Native Method) ~[?:1.7.0_71]
	at sun.reflect.NativeMethodAccessorImpl.invoke(NativeMethodAccessorImpl.java:57) ~[?:1.7.0_71]
	at sun.reflect.DelegatingMethodAccessorImpl.invoke(DelegatingMethodAccessorImpl.java:43) ~[?:1.7.0_71]
	at java.lang.reflect.Method.invoke(Method.java:606) ~[?:1.7.0_71]
	at net.minecraft.launchwrapper.Launch.launch(Launch.java:135) [launchwrapper-1.11.jar:?]
	at net.minecraft.launchwrapper.Launch.main(Launch.java:28) [launchwrapper-1.11.jar:?]
	at net.minecraftforge.gradle.GradleStartCommon.launch(GradleStartCommon.java:78) [start/:?]
	at GradleStart.main(GradleStart.java:45) [start/:?]
[13:53:12] [Client thread/INFO]: Created: 256x256 textures/items-atlas
[13:53:12] [Client thread/INFO]: Created: 512x256 textures/blocks-atlas
[13:53:13] [Sound Library Loader/INFO]: Sound engine started
[13:53:15] [Server thread/INFO]: Starting integrated minecraft server version 1.7.10
[13:53:15] [Server thread/INFO]: Generating keypair
[13:53:18] [Server thread/INFO]: Preparing start region for level 0
[13:53:19] [Server thread/INFO]: Changing view distance to 12, from 10
[13:53:19] [Server thread/INFO]: Player12[local:E:4dcbfe3e] logged in with entity id 56 at (-399.4701463142194, 70.0, 952.8974380338261)
[13:53:19] [Server thread/INFO]: Player12 joined the game
[13:53:42] [Client thread/INFO]: Warning: Clientside chunk ticking took 108 ms
[13:53:42] [Client thread/INFO]: Warning: Clientside chunk ticking took 128 ms
[13:53:43] [Client thread/INFO]: Warning: Clientside chunk ticking took 165 ms
[13:53:43] [Client thread/INFO]: Warning: Clientside chunk ticking took 206 ms
[13:54:45] [Server thread/INFO]: [Player12: Set the time to 0]
[13:54:45] [Client thread/INFO]: [CHAT] Set the time to 0
[13:55:48] [Client thread/INFO]: Warning: Clientside chunk ticking took 137 ms
[13:55:48] [Client thread/INFO]: Warning: Clientside chunk ticking took 109 ms
[13:56:13] [Server thread/INFO]: Saving and pausing game...
[13:56:13] [Server thread/INFO]: Saving chunks for level 'New World'/Overworld
[13:56:13] [Server thread/INFO]: Saving chunks for level 'New World'/Nether
[13:56:13] [Server thread/INFO]: Saving chunks for level 'New World'/The End
[13:56:14] [Server thread/INFO]: Stopping server
[13:56:14] [Server thread/INFO]: Saving players
[13:56:14] [Server thread/INFO]: Saving worlds
[13:56:14] [Server thread/INFO]: Saving chunks for level 'New World'/Overworld
[13:56:14] [Server thread/INFO]: Saving chunks for level 'New World'/Nether
[13:56:14] [Server thread/INFO]: Saving chunks for level 'New World'/The End
[13:56:15] [Client thread/INFO]: Stopping!
